<?xml version="1.0" encoding="UTF-8"?>
<testsuite xmlns:xsi="http://www.w3.org/2001/XMLSchema-instance" xsi:noNamespaceSchemaLocation="https://maven.apache.org/surefire/maven-surefire-plugin/xsd/surefire-test-report.xsd" name="com.zzh.client.ClientApplicationTests" time="4.515" tests="1" errors="1" skipped="0" failures="0">
  <properties>
    <property name="sun.desktop" value="windows"/>
    <property name="awt.toolkit" value="sun.awt.windows.WToolkit"/>
    <property name="file.encoding.pkg" value="sun.io"/>
    <property name="java.specification.version" value="1.8"/>
    <property name="sun.cpu.isalist" value="amd64"/>
    <property name="sun.jnu.encoding" value="GBK"/>
    <property name="java.class.path" value="E:\Intellij\im\client\target\test-classes;E:\Intellij\im\client\target\classes;I:\maven\apache-maven-3.6.3\respository\org\springframework\boot\spring-boot-starter-web\2.2.1.RELEASE\spring-boot-starter-web-2.2.1.RELEASE.jar;I:\maven\apache-maven-3.6.3\respository\org\springframework\boot\spring-boot-starter-json\2.2.1.RELEASE\spring-boot-starter-json-2.2.1.RELEASE.jar;I:\maven\apache-maven-3.6.3\respository\com\fasterxml\jackson\core\jackson-databind\2.10.0\jackson-databind-2.10.0.jar;I:\maven\apache-maven-3.6.3\respository\com\fasterxml\jackson\core\jackson-annotations\2.10.0\jackson-annotations-2.10.0.jar;I:\maven\apache-maven-3.6.3\respository\com\fasterxml\jackson\core\jackson-core\2.10.0\jackson-core-2.10.0.jar;I:\maven\apache-maven-3.6.3\respository\com\fasterxml\jackson\datatype\jackson-datatype-jdk8\2.10.0\jackson-datatype-jdk8-2.10.0.jar;I:\maven\apache-maven-3.6.3\respository\com\fasterxml\jackson\datatype\jackson-datatype-jsr310\2.10.0\jackson-datatype-jsr310-2.10.0.jar;I:\maven\apache-maven-3.6.3\respository\com\fasterxml\jackson\module\jackson-module-parameter-names\2.10.0\jackson-module-parameter-names-2.10.0.jar;I:\maven\apache-maven-3.6.3\respository\org\springframework\boot\spring-boot-starter-tomcat\2.2.1.RELEASE\spring-boot-starter-tomcat-2.2.1.RELEASE.jar;I:\maven\apache-maven-3.6.3\respository\org\apache\tomcat\embed\tomcat-embed-core\9.0.27\tomcat-embed-core-9.0.27.jar;I:\maven\apache-maven-3.6.3\respository\org\apache\tomcat\embed\tomcat-embed-el\9.0.27\tomcat-embed-el-9.0.27.jar;I:\maven\apache-maven-3.6.3\respository\org\apache\tomcat\embed\tomcat-embed-websocket\9.0.27\tomcat-embed-websocket-9.0.27.jar;I:\maven\apache-maven-3.6.3\respository\org\springframework\boot\spring-boot-starter-validation\2.2.1.RELEASE\spring-boot-starter-validation-2.2.1.RELEASE.jar;I:\maven\apache-maven-3.6.3\respository\jakarta\validation\jakarta.validation-api\2.0.1\jakarta.validation-api-2.0.1.jar;I:\maven\apache-maven-3.6.3\respository\org\hibernate\validator\hibernate-validator\6.0.18.Final\hibernate-validator-6.0.18.Final.jar;I:\maven\apache-maven-3.6.3\respository\org\jboss\logging\jboss-logging\3.4.1.Final\jboss-logging-3.4.1.Final.jar;I:\maven\apache-maven-3.6.3\respository\com\fasterxml\classmate\1.5.1\classmate-1.5.1.jar;I:\maven\apache-maven-3.6.3\respository\org\springframework\spring-web\5.2.1.RELEASE\spring-web-5.2.1.RELEASE.jar;I:\maven\apache-maven-3.6.3\respository\org\springframework\spring-beans\5.2.1.RELEASE\spring-beans-5.2.1.RELEASE.jar;I:\maven\apache-maven-3.6.3\respository\org\springframework\spring-webmvc\5.2.1.RELEASE\spring-webmvc-5.2.1.RELEASE.jar;I:\maven\apache-maven-3.6.3\respository\org\springframework\spring-aop\5.2.1.RELEASE\spring-aop-5.2.1.RELEASE.jar;I:\maven\apache-maven-3.6.3\respository\org\springframework\spring-context\5.2.1.RELEASE\spring-context-5.2.1.RELEASE.jar;I:\maven\apache-maven-3.6.3\respository\org\springframework\spring-expression\5.2.1.RELEASE\spring-expression-5.2.1.RELEASE.jar;I:\maven\apache-maven-3.6.3\respository\org\springframework\boot\spring-boot-starter-test\2.2.1.RELEASE\spring-boot-starter-test-2.2.1.RELEASE.jar;I:\maven\apache-maven-3.6.3\respository\org\springframework\boot\spring-boot-test\2.2.1.RELEASE\spring-boot-test-2.2.1.RELEASE.jar;I:\maven\apache-maven-3.6.3\respository\org\springframework\boot\spring-boot-test-autoconfigure\2.2.1.RELEASE\spring-boot-test-autoconfigure-2.2.1.RELEASE.jar;I:\maven\apache-maven-3.6.3\respository\com\jayway\jsonpath\json-path\2.4.0\json-path-2.4.0.jar;I:\maven\apache-maven-3.6.3\respository\net\minidev\json-smart\2.3\json-smart-2.3.jar;I:\maven\apache-maven-3.6.3\respository\net\minidev\accessors-smart\1.2\accessors-smart-1.2.jar;I:\maven\apache-maven-3.6.3\respository\org\ow2\asm\asm\5.0.4\asm-5.0.4.jar;I:\maven\apache-maven-3.6.3\respository\jakarta\xml\bind\jakarta.xml.bind-api\2.3.2\jakarta.xml.bind-api-2.3.2.jar;I:\maven\apache-maven-3.6.3\respository\jakarta\activation\jakarta.activation-api\1.2.1\jakarta.activation-api-1.2.1.jar;I:\maven\apache-maven-3.6.3\respository\org\junit\jupiter\junit-jupiter\5.5.2\junit-jupiter-5.5.2.jar;I:\maven\apache-maven-3.6.3\respository\org\junit\jupiter\junit-jupiter-api\5.5.2\junit-jupiter-api-5.5.2.jar;I:\maven\apache-maven-3.6.3\respository\org\apiguardian\apiguardian-api\1.1.0\apiguardian-api-1.1.0.jar;I:\maven\apache-maven-3.6.3\respository\org\opentest4j\opentest4j\1.2.0\opentest4j-1.2.0.jar;I:\maven\apache-maven-3.6.3\respository\org\junit\platform\junit-platform-commons\1.5.2\junit-platform-commons-1.5.2.jar;I:\maven\apache-maven-3.6.3\respository\org\junit\jupiter\junit-jupiter-params\5.5.2\junit-jupiter-params-5.5.2.jar;I:\maven\apache-maven-3.6.3\respository\org\junit\jupiter\junit-jupiter-engine\5.5.2\junit-jupiter-engine-5.5.2.jar;I:\maven\apache-maven-3.6.3\respository\org\junit\platform\junit-platform-engine\1.5.2\junit-platform-engine-1.5.2.jar;I:\maven\apache-maven-3.6.3\respository\org\mockito\mockito-junit-jupiter\3.1.0\mockito-junit-jupiter-3.1.0.jar;I:\maven\apache-maven-3.6.3\respository\org\assertj\assertj-core\3.13.2\assertj-core-3.13.2.jar;I:\maven\apache-maven-3.6.3\respository\org\hamcrest\hamcrest\2.1\hamcrest-2.1.jar;I:\maven\apache-maven-3.6.3\respository\org\mockito\mockito-core\3.1.0\mockito-core-3.1.0.jar;I:\maven\apache-maven-3.6.3\respository\net\bytebuddy\byte-buddy\1.10.2\byte-buddy-1.10.2.jar;I:\maven\apache-maven-3.6.3\respository\net\bytebuddy\byte-buddy-agent\1.10.2\byte-buddy-agent-1.10.2.jar;I:\maven\apache-maven-3.6.3\respository\org\objenesis\objenesis\2.6\objenesis-2.6.jar;I:\maven\apache-maven-3.6.3\respository\org\skyscreamer\jsonassert\1.5.0\jsonassert-1.5.0.jar;I:\maven\apache-maven-3.6.3\respository\com\vaadin\external\google\android-json\0.0.20131108.vaadin1\android-json-0.0.20131108.vaadin1.jar;I:\maven\apache-maven-3.6.3\respository\org\springframework\spring-core\5.2.1.RELEASE\spring-core-5.2.1.RELEASE.jar;I:\maven\apache-maven-3.6.3\respository\org\springframework\spring-jcl\5.2.1.RELEASE\spring-jcl-5.2.1.RELEASE.jar;I:\maven\apache-maven-3.6.3\respository\org\springframework\spring-test\5.2.1.RELEASE\spring-test-5.2.1.RELEASE.jar;I:\maven\apache-maven-3.6.3\respository\org\xmlunit\xmlunit-core\2.6.3\xmlunit-core-2.6.3.jar;E:\Intellij\im\common\target\common-0.0.1-SNAPSHOT.jar;E:\Intellij\im\protobuf\target\protobuf-0.0.1-SNAPSHOT.jar;I:\maven\apache-maven-3.6.3\respository\org\apache\commons\commons-lang3\3.8.1\commons-lang3-3.8.1.jar;I:\maven\apache-maven-3.6.3\respository\org\mybatis\spring\boot\mybatis-spring-boot-starter\2.0.1\mybatis-spring-boot-starter-2.0.1.jar;I:\maven\apache-maven-3.6.3\respository\org\springframework\boot\spring-boot-starter-jdbc\2.2.1.RELEASE\spring-boot-starter-jdbc-2.2.1.RELEASE.jar;I:\maven\apache-maven-3.6.3\respository\com\zaxxer\HikariCP\3.4.1\HikariCP-3.4.1.jar;I:\maven\apache-maven-3.6.3\respository\org\springframework\spring-jdbc\5.2.1.RELEASE\spring-jdbc-5.2.1.RELEASE.jar;I:\maven\apache-maven-3.6.3\respository\org\mybatis\spring\boot\mybatis-spring-boot-autoconfigure\2.0.1\mybatis-spring-boot-autoconfigure-2.0.1.jar;I:\maven\apache-maven-3.6.3\respository\org\mybatis\mybatis\3.5.1\mybatis-3.5.1.jar;I:\maven\apache-maven-3.6.3\respository\org\mybatis\mybatis-spring\2.0.1\mybatis-spring-2.0.1.jar;I:\maven\apache-maven-3.6.3\respository\mysql\mysql-connector-java\8.0.18\mysql-connector-java-8.0.18.jar;I:\maven\apache-maven-3.6.3\respository\com\squareup\okhttp3\okhttp\3.3.1\okhttp-3.3.1.jar;I:\maven\apache-maven-3.6.3\respository\com\squareup\okio\okio\1.8.0\okio-1.8.0.jar;I:\maven\apache-maven-3.6.3\respository\org\springframework\boot\spring-boot-starter-data-redis\2.2.1.RELEASE\spring-boot-starter-data-redis-2.2.1.RELEASE.jar;I:\maven\apache-maven-3.6.3\respository\org\springframework\data\spring-data-redis\2.2.1.RELEASE\spring-data-redis-2.2.1.RELEASE.jar;I:\maven\apache-maven-3.6.3\respository\org\springframework\data\spring-data-keyvalue\2.2.1.RELEASE\spring-data-keyvalue-2.2.1.RELEASE.jar;I:\maven\apache-maven-3.6.3\respository\org\springframework\data\spring-data-commons\2.2.1.RELEASE\spring-data-commons-2.2.1.RELEASE.jar;I:\maven\apache-maven-3.6.3\respository\org\springframework\spring-tx\5.2.1.RELEASE\spring-tx-5.2.1.RELEASE.jar;I:\maven\apache-maven-3.6.3\respository\org\springframework\spring-oxm\5.2.1.RELEASE\spring-oxm-5.2.1.RELEASE.jar;I:\maven\apache-maven-3.6.3\respository\org\springframework\spring-context-support\5.2.1.RELEASE\spring-context-support-5.2.1.RELEASE.jar;I:\maven\apache-maven-3.6.3\respository\io\lettuce\lettuce-core\5.2.1.RELEASE\lettuce-core-5.2.1.RELEASE.jar;I:\maven\apache-maven-3.6.3\respository\io\netty\netty-common\4.1.43.Final\netty-common-4.1.43.Final.jar;I:\maven\apache-maven-3.6.3\respository\io\netty\netty-handler\4.1.43.Final\netty-handler-4.1.43.Final.jar;I:\maven\apache-maven-3.6.3\respository\io\netty\netty-buffer\4.1.43.Final\netty-buffer-4.1.43.Final.jar;I:\maven\apache-maven-3.6.3\respository\io\netty\netty-codec\4.1.43.Final\netty-codec-4.1.43.Final.jar;I:\maven\apache-maven-3.6.3\respository\io\netty\netty-transport\4.1.43.Final\netty-transport-4.1.43.Final.jar;I:\maven\apache-maven-3.6.3\respository\io\netty\netty-resolver\4.1.43.Final\netty-resolver-4.1.43.Final.jar;I:\maven\apache-maven-3.6.3\respository\io\projectreactor\reactor-core\3.3.0.RELEASE\reactor-core-3.3.0.RELEASE.jar;I:\maven\apache-maven-3.6.3\respository\org\reactivestreams\reactive-streams\1.0.3\reactive-streams-1.0.3.jar;I:\maven\apache-maven-3.6.3\respository\org\apache\commons\commons-pool2\2.7.0\commons-pool2-2.7.0.jar;I:\maven\apache-maven-3.6.3\respository\org\springframework\boot\spring-boot-starter\2.2.1.RELEASE\spring-boot-starter-2.2.1.RELEASE.jar;I:\maven\apache-maven-3.6.3\respository\org\springframework\boot\spring-boot\2.2.1.RELEASE\spring-boot-2.2.1.RELEASE.jar;I:\maven\apache-maven-3.6.3\respository\org\springframework\boot\spring-boot-autoconfigure\2.2.1.RELEASE\spring-boot-autoconfigure-2.2.1.RELEASE.jar;I:\maven\apache-maven-3.6.3\respository\org\springframework\boot\spring-boot-starter-logging\2.2.1.RELEASE\spring-boot-starter-logging-2.2.1.RELEASE.jar;I:\maven\apache-maven-3.6.3\respository\ch\qos\logback\logback-classic\1.2.3\logback-classic-1.2.3.jar;I:\maven\apache-maven-3.6.3\respository\ch\qos\logback\logback-core\1.2.3\logback-core-1.2.3.jar;I:\maven\apache-maven-3.6.3\respository\org\apache\logging\log4j\log4j-to-slf4j\2.12.1\log4j-to-slf4j-2.12.1.jar;I:\maven\apache-maven-3.6.3\respository\org\apache\logging\log4j\log4j-api\2.12.1\log4j-api-2.12.1.jar;I:\maven\apache-maven-3.6.3\respository\org\slf4j\jul-to-slf4j\1.7.29\jul-to-slf4j-1.7.29.jar;I:\maven\apache-maven-3.6.3\respository\jakarta\annotation\jakarta.annotation-api\1.3.5\jakarta.annotation-api-1.3.5.jar;I:\maven\apache-maven-3.6.3\respository\org\yaml\snakeyaml\1.25\snakeyaml-1.25.jar;I:\maven\apache-maven-3.6.3\respository\com\alibaba\fastjson\1.2.62\fastjson-1.2.62.jar;I:\maven\apache-maven-3.6.3\respository\com\google\guava\guava\28.1-jre\guava-28.1-jre.jar;I:\maven\apache-maven-3.6.3\respository\com\google\guava\failureaccess\1.0.1\failureaccess-1.0.1.jar;I:\maven\apache-maven-3.6.3\respository\com\google\guava\listenablefuture\9999.0-empty-to-avoid-conflict-with-guava\listenablefuture-9999.0-empty-to-avoid-conflict-with-guava.jar;I:\maven\apache-maven-3.6.3\respository\com\google\code\findbugs\jsr305\3.0.2\jsr305-3.0.2.jar;I:\maven\apache-maven-3.6.3\respository\org\checkerframework\checker-qual\2.8.1\checker-qual-2.8.1.jar;I:\maven\apache-maven-3.6.3\respository\com\google\errorprone\error_prone_annotations\2.3.2\error_prone_annotations-2.3.2.jar;I:\maven\apache-maven-3.6.3\respository\com\google\j2objc\j2objc-annotations\1.3\j2objc-annotations-1.3.jar;I:\maven\apache-maven-3.6.3\respository\org\codehaus\mojo\animal-sniffer-annotations\1.18\animal-sniffer-annotations-1.18.jar;I:\maven\apache-maven-3.6.3\respository\com\101tec\zkclient\0.10\zkclient-0.10.jar;I:\maven\apache-maven-3.6.3\respository\org\slf4j\slf4j-api\1.7.29\slf4j-api-1.7.29.jar;I:\maven\apache-maven-3.6.3\respository\org\apache\zookeeper\zookeeper\3.4.8\zookeeper-3.4.8.jar;I:\maven\apache-maven-3.6.3\respository\org\slf4j\slf4j-log4j12\1.7.29\slf4j-log4j12-1.7.29.jar;I:\maven\apache-maven-3.6.3\respository\log4j\log4j\1.2.16\log4j-1.2.16.jar;I:\maven\apache-maven-3.6.3\respository\jline\jline\0.9.94\jline-0.9.94.jar;I:\maven\apache-maven-3.6.3\respository\io\netty\netty\3.7.0.Final\netty-3.7.0.Final.jar;I:\maven\apache-maven-3.6.3\respository\org\projectlombok\lombok\1.18.10\lombok-1.18.10.jar;I:\maven\apache-maven-3.6.3\respository\io\netty\netty-all\4.1.6.Final\netty-all-4.1.6.Final.jar;I:\maven\apache-maven-3.6.3\respository\com\google\protobuf\protobuf-java\3.5.1\protobuf-java-3.5.1.jar;"/>
    <property name="java.vm.vendor" value="Oracle Corporation"/>
    <property name="sun.arch.data.model" value="64"/>
    <property name="user.variant" value=""/>
    <property name="java.vendor.url" value="http://java.oracle.com/"/>
    <property name="user.timezone" value="Asia/Shanghai"/>
    <property name="java.vm.specification.version" value="1.8"/>
    <property name="os.name" value="Windows 10"/>
    <property name="user.country" value="CN"/>
    <property name="sun.java.launcher" value="SUN_STANDARD"/>
    <property name="sun.boot.library.path" value="C:\Program Files\Java\jdk1.8.0_60\jre\bin"/>
    <property name="sun.java.command" value="C:\Users\ADMINI~1\AppData\Local\Temp\surefire6610373084527909846\surefirebooter1811455467576044469.jar C:\Users\Administrator\AppData\Local\Temp\surefire6610373084527909846 2019-12-14T12-28-51_776-jvmRun1 surefire6891326583569773304tmp surefire_08469917527638834062tmp"/>
    <property name="surefire.test.class.path" value="E:\Intellij\im\client\target\test-classes;E:\Intellij\im\client\target\classes;I:\maven\apache-maven-3.6.3\respository\org\springframework\boot\spring-boot-starter-web\2.2.1.RELEASE\spring-boot-starter-web-2.2.1.RELEASE.jar;I:\maven\apache-maven-3.6.3\respository\org\springframework\boot\spring-boot-starter-json\2.2.1.RELEASE\spring-boot-starter-json-2.2.1.RELEASE.jar;I:\maven\apache-maven-3.6.3\respository\com\fasterxml\jackson\core\jackson-databind\2.10.0\jackson-databind-2.10.0.jar;I:\maven\apache-maven-3.6.3\respository\com\fasterxml\jackson\core\jackson-annotations\2.10.0\jackson-annotations-2.10.0.jar;I:\maven\apache-maven-3.6.3\respository\com\fasterxml\jackson\core\jackson-core\2.10.0\jackson-core-2.10.0.jar;I:\maven\apache-maven-3.6.3\respository\com\fasterxml\jackson\datatype\jackson-datatype-jdk8\2.10.0\jackson-datatype-jdk8-2.10.0.jar;I:\maven\apache-maven-3.6.3\respository\com\fasterxml\jackson\datatype\jackson-datatype-jsr310\2.10.0\jackson-datatype-jsr310-2.10.0.jar;I:\maven\apache-maven-3.6.3\respository\com\fasterxml\jackson\module\jackson-module-parameter-names\2.10.0\jackson-module-parameter-names-2.10.0.jar;I:\maven\apache-maven-3.6.3\respository\org\springframework\boot\spring-boot-starter-tomcat\2.2.1.RELEASE\spring-boot-starter-tomcat-2.2.1.RELEASE.jar;I:\maven\apache-maven-3.6.3\respository\org\apache\tomcat\embed\tomcat-embed-core\9.0.27\tomcat-embed-core-9.0.27.jar;I:\maven\apache-maven-3.6.3\respository\org\apache\tomcat\embed\tomcat-embed-el\9.0.27\tomcat-embed-el-9.0.27.jar;I:\maven\apache-maven-3.6.3\respository\org\apache\tomcat\embed\tomcat-embed-websocket\9.0.27\tomcat-embed-websocket-9.0.27.jar;I:\maven\apache-maven-3.6.3\respository\org\springframework\boot\spring-boot-starter-validation\2.2.1.RELEASE\spring-boot-starter-validation-2.2.1.RELEASE.jar;I:\maven\apache-maven-3.6.3\respository\jakarta\validation\jakarta.validation-api\2.0.1\jakarta.validation-api-2.0.1.jar;I:\maven\apache-maven-3.6.3\respository\org\hibernate\validator\hibernate-validator\6.0.18.Final\hibernate-validator-6.0.18.Final.jar;I:\maven\apache-maven-3.6.3\respository\org\jboss\logging\jboss-logging\3.4.1.Final\jboss-logging-3.4.1.Final.jar;I:\maven\apache-maven-3.6.3\respository\com\fasterxml\classmate\1.5.1\classmate-1.5.1.jar;I:\maven\apache-maven-3.6.3\respository\org\springframework\spring-web\5.2.1.RELEASE\spring-web-5.2.1.RELEASE.jar;I:\maven\apache-maven-3.6.3\respository\org\springframework\spring-beans\5.2.1.RELEASE\spring-beans-5.2.1.RELEASE.jar;I:\maven\apache-maven-3.6.3\respository\org\springframework\spring-webmvc\5.2.1.RELEASE\spring-webmvc-5.2.1.RELEASE.jar;I:\maven\apache-maven-3.6.3\respository\org\springframework\spring-aop\5.2.1.RELEASE\spring-aop-5.2.1.RELEASE.jar;I:\maven\apache-maven-3.6.3\respository\org\springframework\spring-context\5.2.1.RELEASE\spring-context-5.2.1.RELEASE.jar;I:\maven\apache-maven-3.6.3\respository\org\springframework\spring-expression\5.2.1.RELEASE\spring-expression-5.2.1.RELEASE.jar;I:\maven\apache-maven-3.6.3\respository\org\springframework\boot\spring-boot-starter-test\2.2.1.RELEASE\spring-boot-starter-test-2.2.1.RELEASE.jar;I:\maven\apache-maven-3.6.3\respository\org\springframework\boot\spring-boot-test\2.2.1.RELEASE\spring-boot-test-2.2.1.RELEASE.jar;I:\maven\apache-maven-3.6.3\respository\org\springframework\boot\spring-boot-test-autoconfigure\2.2.1.RELEASE\spring-boot-test-autoconfigure-2.2.1.RELEASE.jar;I:\maven\apache-maven-3.6.3\respository\com\jayway\jsonpath\json-path\2.4.0\json-path-2.4.0.jar;I:\maven\apache-maven-3.6.3\respository\net\minidev\json-smart\2.3\json-smart-2.3.jar;I:\maven\apache-maven-3.6.3\respository\net\minidev\accessors-smart\1.2\accessors-smart-1.2.jar;I:\maven\apache-maven-3.6.3\respository\org\ow2\asm\asm\5.0.4\asm-5.0.4.jar;I:\maven\apache-maven-3.6.3\respository\jakarta\xml\bind\jakarta.xml.bind-api\2.3.2\jakarta.xml.bind-api-2.3.2.jar;I:\maven\apache-maven-3.6.3\respository\jakarta\activation\jakarta.activation-api\1.2.1\jakarta.activation-api-1.2.1.jar;I:\maven\apache-maven-3.6.3\respository\org\junit\jupiter\junit-jupiter\5.5.2\junit-jupiter-5.5.2.jar;I:\maven\apache-maven-3.6.3\respository\org\junit\jupiter\junit-jupiter-api\5.5.2\junit-jupiter-api-5.5.2.jar;I:\maven\apache-maven-3.6.3\respository\org\apiguardian\apiguardian-api\1.1.0\apiguardian-api-1.1.0.jar;I:\maven\apache-maven-3.6.3\respository\org\opentest4j\opentest4j\1.2.0\opentest4j-1.2.0.jar;I:\maven\apache-maven-3.6.3\respository\org\junit\platform\junit-platform-commons\1.5.2\junit-platform-commons-1.5.2.jar;I:\maven\apache-maven-3.6.3\respository\org\junit\jupiter\junit-jupiter-params\5.5.2\junit-jupiter-params-5.5.2.jar;I:\maven\apache-maven-3.6.3\respository\org\junit\jupiter\junit-jupiter-engine\5.5.2\junit-jupiter-engine-5.5.2.jar;I:\maven\apache-maven-3.6.3\respository\org\junit\platform\junit-platform-engine\1.5.2\junit-platform-engine-1.5.2.jar;I:\maven\apache-maven-3.6.3\respository\org\mockito\mockito-junit-jupiter\3.1.0\mockito-junit-jupiter-3.1.0.jar;I:\maven\apache-maven-3.6.3\respository\org\assertj\assertj-core\3.13.2\assertj-core-3.13.2.jar;I:\maven\apache-maven-3.6.3\respository\org\hamcrest\hamcrest\2.1\hamcrest-2.1.jar;I:\maven\apache-maven-3.6.3\respository\org\mockito\mockito-core\3.1.0\mockito-core-3.1.0.jar;I:\maven\apache-maven-3.6.3\respository\net\bytebuddy\byte-buddy\1.10.2\byte-buddy-1.10.2.jar;I:\maven\apache-maven-3.6.3\respository\net\bytebuddy\byte-buddy-agent\1.10.2\byte-buddy-agent-1.10.2.jar;I:\maven\apache-maven-3.6.3\respository\org\objenesis\objenesis\2.6\objenesis-2.6.jar;I:\maven\apache-maven-3.6.3\respository\org\skyscreamer\jsonassert\1.5.0\jsonassert-1.5.0.jar;I:\maven\apache-maven-3.6.3\respository\com\vaadin\external\google\android-json\0.0.20131108.vaadin1\android-json-0.0.20131108.vaadin1.jar;I:\maven\apache-maven-3.6.3\respository\org\springframework\spring-core\5.2.1.RELEASE\spring-core-5.2.1.RELEASE.jar;I:\maven\apache-maven-3.6.3\respository\org\springframework\spring-jcl\5.2.1.RELEASE\spring-jcl-5.2.1.RELEASE.jar;I:\maven\apache-maven-3.6.3\respository\org\springframework\spring-test\5.2.1.RELEASE\spring-test-5.2.1.RELEASE.jar;I:\maven\apache-maven-3.6.3\respository\org\xmlunit\xmlunit-core\2.6.3\xmlunit-core-2.6.3.jar;E:\Intellij\im\common\target\common-0.0.1-SNAPSHOT.jar;E:\Intellij\im\protobuf\target\protobuf-0.0.1-SNAPSHOT.jar;I:\maven\apache-maven-3.6.3\respository\org\apache\commons\commons-lang3\3.8.1\commons-lang3-3.8.1.jar;I:\maven\apache-maven-3.6.3\respository\org\mybatis\spring\boot\mybatis-spring-boot-starter\2.0.1\mybatis-spring-boot-starter-2.0.1.jar;I:\maven\apache-maven-3.6.3\respository\org\springframework\boot\spring-boot-starter-jdbc\2.2.1.RELEASE\spring-boot-starter-jdbc-2.2.1.RELEASE.jar;I:\maven\apache-maven-3.6.3\respository\com\zaxxer\HikariCP\3.4.1\HikariCP-3.4.1.jar;I:\maven\apache-maven-3.6.3\respository\org\springframework\spring-jdbc\5.2.1.RELEASE\spring-jdbc-5.2.1.RELEASE.jar;I:\maven\apache-maven-3.6.3\respository\org\mybatis\spring\boot\mybatis-spring-boot-autoconfigure\2.0.1\mybatis-spring-boot-autoconfigure-2.0.1.jar;I:\maven\apache-maven-3.6.3\respository\org\mybatis\mybatis\3.5.1\mybatis-3.5.1.jar;I:\maven\apache-maven-3.6.3\respository\org\mybatis\mybatis-spring\2.0.1\mybatis-spring-2.0.1.jar;I:\maven\apache-maven-3.6.3\respository\mysql\mysql-connector-java\8.0.18\mysql-connector-java-8.0.18.jar;I:\maven\apache-maven-3.6.3\respository\com\squareup\okhttp3\okhttp\3.3.1\okhttp-3.3.1.jar;I:\maven\apache-maven-3.6.3\respository\com\squareup\okio\okio\1.8.0\okio-1.8.0.jar;I:\maven\apache-maven-3.6.3\respository\org\springframework\boot\spring-boot-starter-data-redis\2.2.1.RELEASE\spring-boot-starter-data-redis-2.2.1.RELEASE.jar;I:\maven\apache-maven-3.6.3\respository\org\springframework\data\spring-data-redis\2.2.1.RELEASE\spring-data-redis-2.2.1.RELEASE.jar;I:\maven\apache-maven-3.6.3\respository\org\springframework\data\spring-data-keyvalue\2.2.1.RELEASE\spring-data-keyvalue-2.2.1.RELEASE.jar;I:\maven\apache-maven-3.6.3\respository\org\springframework\data\spring-data-commons\2.2.1.RELEASE\spring-data-commons-2.2.1.RELEASE.jar;I:\maven\apache-maven-3.6.3\respository\org\springframework\spring-tx\5.2.1.RELEASE\spring-tx-5.2.1.RELEASE.jar;I:\maven\apache-maven-3.6.3\respository\org\springframework\spring-oxm\5.2.1.RELEASE\spring-oxm-5.2.1.RELEASE.jar;I:\maven\apache-maven-3.6.3\respository\org\springframework\spring-context-support\5.2.1.RELEASE\spring-context-support-5.2.1.RELEASE.jar;I:\maven\apache-maven-3.6.3\respository\io\lettuce\lettuce-core\5.2.1.RELEASE\lettuce-core-5.2.1.RELEASE.jar;I:\maven\apache-maven-3.6.3\respository\io\netty\netty-common\4.1.43.Final\netty-common-4.1.43.Final.jar;I:\maven\apache-maven-3.6.3\respository\io\netty\netty-handler\4.1.43.Final\netty-handler-4.1.43.Final.jar;I:\maven\apache-maven-3.6.3\respository\io\netty\netty-buffer\4.1.43.Final\netty-buffer-4.1.43.Final.jar;I:\maven\apache-maven-3.6.3\respository\io\netty\netty-codec\4.1.43.Final\netty-codec-4.1.43.Final.jar;I:\maven\apache-maven-3.6.3\respository\io\netty\netty-transport\4.1.43.Final\netty-transport-4.1.43.Final.jar;I:\maven\apache-maven-3.6.3\respository\io\netty\netty-resolver\4.1.43.Final\netty-resolver-4.1.43.Final.jar;I:\maven\apache-maven-3.6.3\respository\io\projectreactor\reactor-core\3.3.0.RELEASE\reactor-core-3.3.0.RELEASE.jar;I:\maven\apache-maven-3.6.3\respository\org\reactivestreams\reactive-streams\1.0.3\reactive-streams-1.0.3.jar;I:\maven\apache-maven-3.6.3\respository\org\apache\commons\commons-pool2\2.7.0\commons-pool2-2.7.0.jar;I:\maven\apache-maven-3.6.3\respository\org\springframework\boot\spring-boot-starter\2.2.1.RELEASE\spring-boot-starter-2.2.1.RELEASE.jar;I:\maven\apache-maven-3.6.3\respository\org\springframework\boot\spring-boot\2.2.1.RELEASE\spring-boot-2.2.1.RELEASE.jar;I:\maven\apache-maven-3.6.3\respository\org\springframework\boot\spring-boot-autoconfigure\2.2.1.RELEASE\spring-boot-autoconfigure-2.2.1.RELEASE.jar;I:\maven\apache-maven-3.6.3\respository\org\springframework\boot\spring-boot-starter-logging\2.2.1.RELEASE\spring-boot-starter-logging-2.2.1.RELEASE.jar;I:\maven\apache-maven-3.6.3\respository\ch\qos\logback\logback-classic\1.2.3\logback-classic-1.2.3.jar;I:\maven\apache-maven-3.6.3\respository\ch\qos\logback\logback-core\1.2.3\logback-core-1.2.3.jar;I:\maven\apache-maven-3.6.3\respository\org\apache\logging\log4j\log4j-to-slf4j\2.12.1\log4j-to-slf4j-2.12.1.jar;I:\maven\apache-maven-3.6.3\respository\org\apache\logging\log4j\log4j-api\2.12.1\log4j-api-2.12.1.jar;I:\maven\apache-maven-3.6.3\respository\org\slf4j\jul-to-slf4j\1.7.29\jul-to-slf4j-1.7.29.jar;I:\maven\apache-maven-3.6.3\respository\jakarta\annotation\jakarta.annotation-api\1.3.5\jakarta.annotation-api-1.3.5.jar;I:\maven\apache-maven-3.6.3\respository\org\yaml\snakeyaml\1.25\snakeyaml-1.25.jar;I:\maven\apache-maven-3.6.3\respository\com\alibaba\fastjson\1.2.62\fastjson-1.2.62.jar;I:\maven\apache-maven-3.6.3\respository\com\google\guava\guava\28.1-jre\guava-28.1-jre.jar;I:\maven\apache-maven-3.6.3\respository\com\google\guava\failureaccess\1.0.1\failureaccess-1.0.1.jar;I:\maven\apache-maven-3.6.3\respository\com\google\guava\listenablefuture\9999.0-empty-to-avoid-conflict-with-guava\listenablefuture-9999.0-empty-to-avoid-conflict-with-guava.jar;I:\maven\apache-maven-3.6.3\respository\com\google\code\findbugs\jsr305\3.0.2\jsr305-3.0.2.jar;I:\maven\apache-maven-3.6.3\respository\org\checkerframework\checker-qual\2.8.1\checker-qual-2.8.1.jar;I:\maven\apache-maven-3.6.3\respository\com\google\errorprone\error_prone_annotations\2.3.2\error_prone_annotations-2.3.2.jar;I:\maven\apache-maven-3.6.3\respository\com\google\j2objc\j2objc-annotations\1.3\j2objc-annotations-1.3.jar;I:\maven\apache-maven-3.6.3\respository\org\codehaus\mojo\animal-sniffer-annotations\1.18\animal-sniffer-annotations-1.18.jar;I:\maven\apache-maven-3.6.3\respository\com\101tec\zkclient\0.10\zkclient-0.10.jar;I:\maven\apache-maven-3.6.3\respository\org\slf4j\slf4j-api\1.7.29\slf4j-api-1.7.29.jar;I:\maven\apache-maven-3.6.3\respository\org\apache\zookeeper\zookeeper\3.4.8\zookeeper-3.4.8.jar;I:\maven\apache-maven-3.6.3\respository\org\slf4j\slf4j-log4j12\1.7.29\slf4j-log4j12-1.7.29.jar;I:\maven\apache-maven-3.6.3\respository\log4j\log4j\1.2.16\log4j-1.2.16.jar;I:\maven\apache-maven-3.6.3\respository\jline\jline\0.9.94\jline-0.9.94.jar;I:\maven\apache-maven-3.6.3\respository\io\netty\netty\3.7.0.Final\netty-3.7.0.Final.jar;I:\maven\apache-maven-3.6.3\respository\org\projectlombok\lombok\1.18.10\lombok-1.18.10.jar;I:\maven\apache-maven-3.6.3\respository\io\netty\netty-all\4.1.6.Final\netty-all-4.1.6.Final.jar;I:\maven\apache-maven-3.6.3\respository\com\google\protobuf\protobuf-java\3.5.1\protobuf-java-3.5.1.jar;"/>
    <property name="sun.cpu.endian" value="little"/>
    <property name="user.home" value="C:\Users\Administrator"/>
    <property name="user.language" value="zh"/>
    <property name="java.specification.vendor" value="Oracle Corporation"/>
    <property name="java.home" value="C:\Program Files\Java\jdk1.8.0_60\jre"/>
    <property name="basedir" value="E:\Intellij\im\client"/>
    <property name="file.separator" value="\"/>
    <property name="line.separator" value="&#10;"/>
    <property name="java.vm.specification.vendor" value="Oracle Corporation"/>
    <property name="java.specification.name" value="Java Platform API Specification"/>
    <property name="java.awt.graphicsenv" value="sun.awt.Win32GraphicsEnvironment"/>
    <property name="surefire.real.class.path" value="C:\Users\ADMINI~1\AppData\Local\Temp\surefire6610373084527909846\surefirebooter1811455467576044469.jar"/>
    <property name="sun.boot.class.path" value="C:\Program Files\Java\jdk1.8.0_60\jre\lib\resources.jar;C:\Program Files\Java\jdk1.8.0_60\jre\lib\rt.jar;C:\Program Files\Java\jdk1.8.0_60\jre\lib\sunrsasign.jar;C:\Program Files\Java\jdk1.8.0_60\jre\lib\jsse.jar;C:\Program Files\Java\jdk1.8.0_60\jre\lib\jce.jar;C:\Program Files\Java\jdk1.8.0_60\jre\lib\charsets.jar;C:\Program Files\Java\jdk1.8.0_60\jre\lib\jfr.jar;C:\Program Files\Java\jdk1.8.0_60\jre\classes"/>
    <property name="user.script" value=""/>
    <property name="sun.management.compiler" value="HotSpot 64-Bit Tiered Compilers"/>
    <property name="java.runtime.version" value="1.8.0_60-b27"/>
    <property name="user.name" value="Administrator"/>
    <property name="path.separator" value=";"/>
    <property name="os.version" value="10.0"/>
    <property name="java.endorsed.dirs" value="C:\Program Files\Java\jdk1.8.0_60\jre\lib\endorsed"/>
    <property name="java.runtime.name" value="Java(TM) SE Runtime Environment"/>
    <property name="file.encoding" value="GBK"/>
    <property name="java.vm.name" value="Java HotSpot(TM) 64-Bit Server VM"/>
    <property name="localRepository" value="I:\maven\apache-maven-3.6.3\respository"/>
    <property name="java.vendor.url.bug" value="http://bugreport.sun.com/bugreport/"/>
    <property name="java.io.tmpdir" value="C:\Users\ADMINI~1\AppData\Local\Temp\"/>
    <property name="java.version" value="1.8.0_60"/>
    <property name="user.dir" value="E:\Intellij\im\client"/>
    <property name="os.arch" value="amd64"/>
    <property name="java.vm.specification.name" value="Java Virtual Machine Specification"/>
    <property name="java.awt.printerjob" value="sun.awt.windows.WPrinterJob"/>
    <property name="sun.os.patch.level" value=""/>
    <property name="java.library.path" value="C:\Program Files\Java\jdk1.8.0_60\jre\bin;C:\WINDOWS\Sun\Java\bin;C:\WINDOWS\system32;C:\WINDOWS;I:\xshell\;I:\xftp\;C:\ProgramData\Oracle\Java\javapath;C:\Windows\system32;C:\Windows;C:\Windows\System32\Wbem;C:\Windows\System32\WindowsPowerShell\v1.0\;C:\Windows\System32\OpenSSH\;C:\Program Files (x86)\NVIDIA Corporation\PhysX\Common;C:\Program Files\NVIDIA Corporation\NVIDIA NvDLISR;C:\WINDOWS\system32;C:\WINDOWS;C:\WINDOWS\System32\Wbem;C:\WINDOWS\System32\WindowsPowerShell\v1.0\;C:\WINDOWS\System32\OpenSSH\;I:\maven\apache-maven-3.6.3\bin;I:\Git\cmd;I:\protocol\bin;&quot;C:\Users\Administrator\AppData\Local\Microsoft\WindowsApps;C:\Program Files\Java\jdk1.8.0_60\bin;C:\Program Files\Java\jdk1.8.0_60\jre\bin&quot;;I:\IntelliJ IDEA 2019.3\bin;;I:\PyCharm 2019.2.4\bin;;C:\Users\Administrator\AppData\Local\Microsoft\WindowsApps;I:\CLion 2019.3\bin;;;."/>
    <property name="java.vm.info" value="mixed mode"/>
    <property name="java.vendor" value="Oracle Corporation"/>
    <property name="java.vm.version" value="25.60-b23"/>
    <property name="idea.version2019.3" value="true"/>
    <property name="java.ext.dirs" value="C:\Program Files\Java\jdk1.8.0_60\jre\lib\ext;C:\WINDOWS\Sun\Java\lib\ext"/>
    <property name="sun.io.unicode.encoding" value="UnicodeLittle"/>
    <property name="maven.repo.local" value="I:\maven\apache-maven-3.6.3\respository"/>
    <property name="java.class.version" value="52.0"/>
  </properties>
  <testcase name="contextLoads" classname="com.zzh.client.ClientApplicationTests" time="0">
    <error message="Failed to load ApplicationContext" type="java.lang.IllegalStateException">java.lang.IllegalStateException: Failed to load ApplicationContext
Caused by: org.springframework.beans.factory.BeanCreationException: Error creating bean with name 'dataSource' defined in class path resource [org/springframework/boot/autoconfigure/jdbc/DataSourceConfiguration$Hikari.class]: Bean instantiation via factory method failed; nested exception is org.springframework.beans.BeanInstantiationException: Failed to instantiate [com.zaxxer.hikari.HikariDataSource]: Factory method 'dataSource' threw exception; nested exception is org.springframework.boot.autoconfigure.jdbc.DataSourceProperties$DataSourceBeanCreationException: Failed to determine a suitable driver class
Caused by: org.springframework.beans.BeanInstantiationException: Failed to instantiate [com.zaxxer.hikari.HikariDataSource]: Factory method 'dataSource' threw exception; nested exception is org.springframework.boot.autoconfigure.jdbc.DataSourceProperties$DataSourceBeanCreationException: Failed to determine a suitable driver class
Caused by: org.springframework.boot.autoconfigure.jdbc.DataSourceProperties$DataSourceBeanCreationException: Failed to determine a suitable driver class
</error>
    <system-out><![CDATA[12:29:02.615 [main] DEBUG org.springframework.test.context.BootstrapUtils - Instantiating CacheAwareContextLoaderDelegate from class [org.springframework.test.context.cache.DefaultCacheAwareContextLoaderDelegate]
12:29:02.630 [main] DEBUG org.springframework.test.context.BootstrapUtils - Instantiating BootstrapContext using constructor [public org.springframework.test.context.support.DefaultBootstrapContext(java.lang.Class,org.springframework.test.context.CacheAwareContextLoaderDelegate)]
12:29:02.677 [main] DEBUG org.springframework.test.context.BootstrapUtils - Instantiating TestContextBootstrapper for test class [com.zzh.client.ClientApplicationTests] from class [org.springframework.boot.test.context.SpringBootTestContextBootstrapper]
12:29:02.693 [main] INFO org.springframework.boot.test.context.SpringBootTestContextBootstrapper - Neither @ContextConfiguration nor @ContextHierarchy found for test class [com.zzh.client.ClientApplicationTests], using SpringBootContextLoader
12:29:02.693 [main] DEBUG org.springframework.test.context.support.AbstractContextLoader - Did not detect default resource location for test class [com.zzh.client.ClientApplicationTests]: class path resource [com/zzh/client/ClientApplicationTests-context.xml] does not exist
12:29:02.693 [main] DEBUG org.springframework.test.context.support.AbstractContextLoader - Did not detect default resource location for test class [com.zzh.client.ClientApplicationTests]: class path resource [com/zzh/client/ClientApplicationTestsContext.groovy] does not exist
12:29:02.693 [main] INFO org.springframework.test.context.support.AbstractContextLoader - Could not detect default resource locations for test class [com.zzh.client.ClientApplicationTests]: no resource found for suffixes {-context.xml, Context.groovy}.
12:29:02.708 [main] INFO org.springframework.test.context.support.AnnotationConfigContextLoaderUtils - Could not detect default configuration classes for test class [com.zzh.client.ClientApplicationTests]: ClientApplicationTests does not declare any static, non-private, non-final, nested classes annotated with @Configuration.
12:29:02.755 [main] DEBUG org.springframework.test.context.support.ActiveProfilesUtils - Could not find an 'annotation declaring class' for annotation type [org.springframework.test.context.ActiveProfiles] and class [com.zzh.client.ClientApplicationTests]
12:29:02.849 [main] DEBUG org.springframework.context.annotation.ClassPathScanningCandidateComponentProvider - Identified candidate component class: file [E:\Intellij\im\client\target\classes\com\zzh\ClientApplication.class]
12:29:02.865 [main] INFO org.springframework.boot.test.context.SpringBootTestContextBootstrapper - Found @SpringBootConfiguration com.zzh.ClientApplication for test class com.zzh.client.ClientApplicationTests
12:29:02.990 [main] DEBUG org.springframework.boot.test.context.SpringBootTestContextBootstrapper - @TestExecutionListeners is not present for class [com.zzh.client.ClientApplicationTests]: using defaults.
12:29:02.990 [main] INFO org.springframework.boot.test.context.SpringBootTestContextBootstrapper - Loaded default TestExecutionListener class names from location [META-INF/spring.factories]: [org.springframework.boot.test.mock.mockito.MockitoTestExecutionListener, org.springframework.boot.test.mock.mockito.ResetMocksTestExecutionListener, org.springframework.boot.test.autoconfigure.restdocs.RestDocsTestExecutionListener, org.springframework.boot.test.autoconfigure.web.client.MockRestServiceServerResetTestExecutionListener, org.springframework.boot.test.autoconfigure.web.servlet.MockMvcPrintOnlyOnFailureTestExecutionListener, org.springframework.boot.test.autoconfigure.web.servlet.WebDriverTestExecutionListener, org.springframework.test.context.web.ServletTestExecutionListener, org.springframework.test.context.support.DirtiesContextBeforeModesTestExecutionListener, org.springframework.test.context.support.DependencyInjectionTestExecutionListener, org.springframework.test.context.support.DirtiesContextTestExecutionListener, org.springframework.test.context.transaction.TransactionalTestExecutionListener, org.springframework.test.context.jdbc.SqlScriptsTestExecutionListener, org.springframework.test.context.event.EventPublishingTestExecutionListener]
12:29:03.005 [main] INFO org.springframework.boot.test.context.SpringBootTestContextBootstrapper - Using TestExecutionListeners: [org.springframework.test.context.web.ServletTestExecutionListener@19e4653c, org.springframework.test.context.support.DirtiesContextBeforeModesTestExecutionListener@795509d9, org.springframework.boot.test.mock.mockito.MockitoTestExecutionListener@53045c6c, org.springframework.boot.test.autoconfigure.SpringBootDependencyInjectionTestExecutionListener@5149d738, org.springframework.test.context.support.DirtiesContextTestExecutionListener@6bbe85a8, org.springframework.test.context.transaction.TransactionalTestExecutionListener@3a7442c7, org.springframework.test.context.jdbc.SqlScriptsTestExecutionListener@4be29ed9, org.springframework.test.context.event.EventPublishingTestExecutionListener@548d708a, org.springframework.boot.test.mock.mockito.ResetMocksTestExecutionListener@4b013c76, org.springframework.boot.test.autoconfigure.restdocs.RestDocsTestExecutionListener@53fb3dab, org.springframework.boot.test.autoconfigure.web.client.MockRestServiceServerResetTestExecutionListener@cb0755b, org.springframework.boot.test.autoconfigure.web.servlet.MockMvcPrintOnlyOnFailureTestExecutionListener@33065d67, org.springframework.boot.test.autoconfigure.web.servlet.WebDriverTestExecutionListener@712625fd]
12:29:03.021 [main] DEBUG org.springframework.test.context.support.AbstractDirtiesContextTestExecutionListener - Before test class: context [DefaultTestContext@35dab4eb testClass = ClientApplicationTests, testInstance = [null], testMethod = [null], testException = [null], mergedContextConfiguration = [WebMergedContextConfiguration@2d901eb0 testClass = ClientApplicationTests, locations = '{}', classes = '{class com.zzh.ClientApplication}', contextInitializerClasses = '[]', activeProfiles = '{}', propertySourceLocations = '{}', propertySourceProperties = '{org.springframework.boot.test.context.SpringBootTestContextBootstrapper=true}', contextCustomizers = set[org.springframework.boot.test.context.filter.ExcludeFilterContextCustomizer@1fa268de, org.springframework.boot.test.json.DuplicateJsonObjectContextCustomizerFactory$DuplicateJsonObjectContextCustomizer@a514af7, org.springframework.boot.test.mock.mockito.MockitoContextCustomizer@0, org.springframework.boot.test.web.client.TestRestTemplateContextCustomizer@16293aa2, org.springframework.boot.test.autoconfigure.properties.PropertyMappingContextCustomizer@0, org.springframework.boot.test.autoconfigure.web.servlet.WebDriverContextCustomizerFactory$Customizer@6adbc9d], resourceBasePath = 'src/main/webapp', contextLoader = 'org.springframework.boot.test.context.SpringBootContextLoader', parent = [null]], attributes = map['org.springframework.test.context.web.ServletTestExecutionListener.activateListener' -> true]], class annotated with @DirtiesContext [false] with mode [null].
12:29:03.068 [main] DEBUG org.springframework.test.context.support.TestPropertySourceUtils - Adding inlined properties to environment: {spring.jmx.enabled=false, org.springframework.boot.test.context.SpringBootTestContextBootstrapper=true, server.port=-1}

  .   ____          _            __ _ _
 /\\ / ___'_ __ _ _(_)_ __  __ _ \ \ \ \
( ( )\___ | '_ | '_| | '_ \/ _` | \ \ \ \
 \\/  ___)| |_)| | | | | || (_| |  ) ) ) )
  '  |____| .__|_| |_|_| |_\__, | / / / /
 =========|_|==============|___/=/_/_/_/
 :: Spring Boot ::        (v2.2.1.RELEASE)

2019-12-14 12:29:03.646  INFO 5572 --- [           main] com.zzh.client.ClientApplicationTests    : Starting ClientApplicationTests on DESKTOP-PHOT572 with PID 5572 (started by Administrator in E:\Intellij\im\client)
2019-12-14 12:29:03.646  INFO 5572 --- [           main] com.zzh.client.ClientApplicationTests    : No active profile set, falling back to default profiles: default
2019-12-14 12:29:04.567  WARN 5572 --- [           main] o.m.s.mapper.ClassPathMapperScanner      : No MyBatis mapper was found in '[com.zzh]' package. Please check your configuration.
2019-12-14 12:29:04.630  INFO 5572 --- [           main] .s.d.r.c.RepositoryConfigurationDelegate : Multiple Spring Data modules found, entering strict repository configuration mode!
2019-12-14 12:29:04.630  INFO 5572 --- [           main] .s.d.r.c.RepositoryConfigurationDelegate : Bootstrapping Spring Data repositories in DEFAULT mode.
2019-12-14 12:29:04.677  INFO 5572 --- [           main] .s.d.r.c.RepositoryConfigurationDelegate : Finished Spring Data repository scanning in 22ms. Found 0 repository interfaces.
2019-12-14 12:29:05.239  INFO 5572 --- [           main] trationDelegate$BeanPostProcessorChecker : Bean 'org.springframework.transaction.annotation.ProxyTransactionManagementConfiguration' of type [org.springframework.transaction.annotation.ProxyTransactionManagementConfiguration] is not eligible for getting processed by all BeanPostProcessors (for example: not eligible for auto-proxying)
2019-12-14 12:29:06.598  INFO 5572 --- [           main] o.s.s.concurrent.ThreadPoolTaskExecutor  : Initializing ExecutorService 'applicationTaskExecutor'
2019-12-14 12:29:06.864  WARN 5572 --- [           main] o.s.w.c.s.GenericWebApplicationContext   : Exception encountered during context initialization - cancelling refresh attempt: org.springframework.beans.factory.BeanCreationException: Error creating bean with name 'dataSource' defined in class path resource [org/springframework/boot/autoconfigure/jdbc/DataSourceConfiguration$Hikari.class]: Bean instantiation via factory method failed; nested exception is org.springframework.beans.BeanInstantiationException: Failed to instantiate [com.zaxxer.hikari.HikariDataSource]: Factory method 'dataSource' threw exception; nested exception is org.springframework.boot.autoconfigure.jdbc.DataSourceProperties$DataSourceBeanCreationException: Failed to determine a suitable driver class
2019-12-14 12:29:06.879  INFO 5572 --- [           main] o.s.s.concurrent.ThreadPoolTaskExecutor  : Shutting down ExecutorService 'applicationTaskExecutor'
2019-12-14 12:29:06.879  INFO 5572 --- [           main] ConditionEvaluationReportLoggingListener : 

Error starting ApplicationContext. To display the conditions report re-run your application with 'debug' enabled.
2019-12-14 12:29:06.895 ERROR 5572 --- [           main] o.s.b.d.LoggingFailureAnalysisReporter   : 

***************************
APPLICATION FAILED TO START
***************************

Description:

Failed to configure a DataSource: 'url' attribute is not specified and no embedded datasource could be configured.

Reason: Failed to determine a suitable driver class


Action:

Consider the following:
	If you want an embedded database (H2, HSQL or Derby), please put it on the classpath.
	If you have database settings to be loaded from a particular profile you may need to activate it (no profiles are currently active).

2019-12-14 12:29:06.895 ERROR 5572 --- [           main] o.s.test.context.TestContextManager      : Caught exception while allowing TestExecutionListener [org.springframework.test.context.web.ServletTestExecutionListener@19e4653c] to prepare test instance [com.zzh.client.ClientApplicationTests@3743539f]

java.lang.IllegalStateException: Failed to load ApplicationContext
	at org.springframework.test.context.cache.DefaultCacheAwareContextLoaderDelegate.loadContext(DefaultCacheAwareContextLoaderDelegate.java:132) ~[spring-test-5.2.1.RELEASE.jar:5.2.1.RELEASE]
	at org.springframework.test.context.support.DefaultTestContext.getApplicationContext(DefaultTestContext.java:123) ~[spring-test-5.2.1.RELEASE.jar:5.2.1.RELEASE]
	at org.springframework.test.context.web.ServletTestExecutionListener.setUpRequestContextIfNecessary(ServletTestExecutionListener.java:190) ~[spring-test-5.2.1.RELEASE.jar:5.2.1.RELEASE]
	at org.springframework.test.context.web.ServletTestExecutionListener.prepareTestInstance(ServletTestExecutionListener.java:132) ~[spring-test-5.2.1.RELEASE.jar:5.2.1.RELEASE]
	at org.springframework.test.context.TestContextManager.prepareTestInstance(TestContextManager.java:244) ~[spring-test-5.2.1.RELEASE.jar:5.2.1.RELEASE]
	at org.springframework.test.context.junit.jupiter.SpringExtension.postProcessTestInstance(SpringExtension.java:98) [spring-test-5.2.1.RELEASE.jar:5.2.1.RELEASE]
	at org.junit.jupiter.engine.descriptor.ClassBasedTestDescriptor.lambda$invokeTestInstancePostProcessors$5(ClassBasedTestDescriptor.java:337) [junit-jupiter-engine-5.5.2.jar:5.5.2]
	at org.junit.jupiter.engine.descriptor.ClassBasedTestDescriptor.executeAndMaskThrowable(ClassBasedTestDescriptor.java:342) [junit-jupiter-engine-5.5.2.jar:5.5.2]
	at org.junit.jupiter.engine.descriptor.ClassBasedTestDescriptor.lambda$invokeTestInstancePostProcessors$6(ClassBasedTestDescriptor.java:337) [junit-jupiter-engine-5.5.2.jar:5.5.2]
	at java.util.stream.ReferencePipeline$3$1.accept(ReferencePipeline.java:193) ~[na:1.8.0_60]
	at java.util.stream.ReferencePipeline$2$1.accept(ReferencePipeline.java:175) ~[na:1.8.0_60]
	at java.util.ArrayList$ArrayListSpliterator.forEachRemaining(ArrayList.java:1374) ~[na:1.8.0_60]
	at java.util.stream.AbstractPipeline.copyInto(AbstractPipeline.java:481) ~[na:1.8.0_60]
	at java.util.stream.AbstractPipeline.wrapAndCopyInto(AbstractPipeline.java:471) ~[na:1.8.0_60]
	at java.util.stream.StreamSpliterators$WrappingSpliterator.forEachRemaining(StreamSpliterators.java:312) ~[na:1.8.0_60]
	at java.util.stream.Streams$ConcatSpliterator.forEachRemaining(Streams.java:743) ~[na:1.8.0_60]
	at java.util.stream.Streams$ConcatSpliterator.forEachRemaining(Streams.java:742) ~[na:1.8.0_60]
	at java.util.stream.ReferencePipeline$Head.forEach(ReferencePipeline.java:580) ~[na:1.8.0_60]
	at org.junit.jupiter.engine.descriptor.ClassBasedTestDescriptor.invokeTestInstancePostProcessors(ClassBasedTestDescriptor.java:336) [junit-jupiter-engine-5.5.2.jar:5.5.2]
	at org.junit.jupiter.engine.descriptor.ClassBasedTestDescriptor.instantiateAndPostProcessTestInstance(ClassBasedTestDescriptor.java:259) [junit-jupiter-engine-5.5.2.jar:5.5.2]
	at org.junit.jupiter.engine.descriptor.ClassBasedTestDescriptor.lambda$testInstancesProvider$2(ClassBasedTestDescriptor.java:252) [junit-jupiter-engine-5.5.2.jar:5.5.2]
	at java.util.Optional.orElseGet(Optional.java:267) ~[na:1.8.0_60]
	at org.junit.jupiter.engine.descriptor.ClassBasedTestDescriptor.lambda$testInstancesProvider$3(ClassBasedTestDescriptor.java:251) [junit-jupiter-engine-5.5.2.jar:5.5.2]
	at org.junit.jupiter.engine.execution.TestInstancesProvider.getTestInstances(TestInstancesProvider.java:29) ~[junit-jupiter-engine-5.5.2.jar:5.5.2]
	at org.junit.jupiter.engine.descriptor.TestMethodTestDescriptor.lambda$prepare$0(TestMethodTestDescriptor.java:106) ~[junit-jupiter-engine-5.5.2.jar:5.5.2]
	at org.junit.platform.engine.support.hierarchical.ThrowableCollector.execute(ThrowableCollector.java:73) ~[junit-platform-engine-1.5.2.jar:1.5.2]
	at org.junit.jupiter.engine.descriptor.TestMethodTestDescriptor.prepare(TestMethodTestDescriptor.java:105) ~[junit-jupiter-engine-5.5.2.jar:5.5.2]
	at org.junit.jupiter.engine.descriptor.TestMethodTestDescriptor.prepare(TestMethodTestDescriptor.java:69) ~[junit-jupiter-engine-5.5.2.jar:5.5.2]
	at org.junit.platform.engine.support.hierarchical.NodeTestTask.lambda$prepare$1(NodeTestTask.java:107) ~[junit-platform-engine-1.5.2.jar:1.5.2]
	at org.junit.platform.engine.support.hierarchical.ThrowableCollector.execute(ThrowableCollector.java:73) ~[junit-platform-engine-1.5.2.jar:1.5.2]
	at org.junit.platform.engine.support.hierarchical.NodeTestTask.prepare(NodeTestTask.java:107) ~[junit-platform-engine-1.5.2.jar:1.5.2]
	at org.junit.platform.engine.support.hierarchical.NodeTestTask.execute(NodeTestTask.java:75) ~[junit-platform-engine-1.5.2.jar:1.5.2]
	at java.util.ArrayList.forEach(ArrayList.java:1249) ~[na:1.8.0_60]
	at org.junit.platform.engine.support.hierarchical.SameThreadHierarchicalTestExecutorService.invokeAll(SameThreadHierarchicalTestExecutorService.java:38) ~[junit-platform-engine-1.5.2.jar:1.5.2]
	at org.junit.platform.engine.support.hierarchical.NodeTestTask.lambda$executeRecursively$5(NodeTestTask.java:139) ~[junit-platform-engine-1.5.2.jar:1.5.2]
	at org.junit.platform.engine.support.hierarchical.ThrowableCollector.execute(ThrowableCollector.java:73) ~[junit-platform-engine-1.5.2.jar:1.5.2]
	at org.junit.platform.engine.support.hierarchical.NodeTestTask.lambda$executeRecursively$7(NodeTestTask.java:125) ~[junit-platform-engine-1.5.2.jar:1.5.2]
	at org.junit.platform.engine.support.hierarchical.Node.around(Node.java:135) ~[junit-platform-engine-1.5.2.jar:1.5.2]
	at org.junit.platform.engine.support.hierarchical.NodeTestTask.lambda$executeRecursively$8(NodeTestTask.java:123) ~[junit-platform-engine-1.5.2.jar:1.5.2]
	at org.junit.platform.engine.support.hierarchical.ThrowableCollector.execute(ThrowableCollector.java:73) ~[junit-platform-engine-1.5.2.jar:1.5.2]
	at org.junit.platform.engine.support.hierarchical.NodeTestTask.executeRecursively(NodeTestTask.java:122) ~[junit-platform-engine-1.5.2.jar:1.5.2]
	at org.junit.platform.engine.support.hierarchical.NodeTestTask.execute(NodeTestTask.java:80) ~[junit-platform-engine-1.5.2.jar:1.5.2]
	at java.util.ArrayList.forEach(ArrayList.java:1249) ~[na:1.8.0_60]
	at org.junit.platform.engine.support.hierarchical.SameThreadHierarchicalTestExecutorService.invokeAll(SameThreadHierarchicalTestExecutorService.java:38) ~[junit-platform-engine-1.5.2.jar:1.5.2]
	at org.junit.platform.engine.support.hierarchical.NodeTestTask.lambda$executeRecursively$5(NodeTestTask.java:139) ~[junit-platform-engine-1.5.2.jar:1.5.2]
	at org.junit.platform.engine.support.hierarchical.ThrowableCollector.execute(ThrowableCollector.java:73) ~[junit-platform-engine-1.5.2.jar:1.5.2]
	at org.junit.platform.engine.support.hierarchical.NodeTestTask.lambda$executeRecursively$7(NodeTestTask.java:125) ~[junit-platform-engine-1.5.2.jar:1.5.2]
	at org.junit.platform.engine.support.hierarchical.Node.around(Node.java:135) ~[junit-platform-engine-1.5.2.jar:1.5.2]
	at org.junit.platform.engine.support.hierarchical.NodeTestTask.lambda$executeRecursively$8(NodeTestTask.java:123) ~[junit-platform-engine-1.5.2.jar:1.5.2]
	at org.junit.platform.engine.support.hierarchical.ThrowableCollector.execute(ThrowableCollector.java:73) ~[junit-platform-engine-1.5.2.jar:1.5.2]
	at org.junit.platform.engine.support.hierarchical.NodeTestTask.executeRecursively(NodeTestTask.java:122) ~[junit-platform-engine-1.5.2.jar:1.5.2]
	at org.junit.platform.engine.support.hierarchical.NodeTestTask.execute(NodeTestTask.java:80) ~[junit-platform-engine-1.5.2.jar:1.5.2]
	at org.junit.platform.engine.support.hierarchical.SameThreadHierarchicalTestExecutorService.submit(SameThreadHierarchicalTestExecutorService.java:32) ~[junit-platform-engine-1.5.2.jar:1.5.2]
	at org.junit.platform.engine.support.hierarchical.HierarchicalTestExecutor.execute(HierarchicalTestExecutor.java:57) ~[junit-platform-engine-1.5.2.jar:1.5.2]
	at org.junit.platform.engine.support.hierarchical.HierarchicalTestEngine.execute(HierarchicalTestEngine.java:51) ~[junit-platform-engine-1.5.2.jar:1.5.2]
	at org.junit.platform.launcher.core.DefaultLauncher.execute(DefaultLauncher.java:220) ~[junit-platform-launcher-1.3.1.jar:1.3.1]
	at org.junit.platform.launcher.core.DefaultLauncher.lambda$execute$6(DefaultLauncher.java:188) ~[junit-platform-launcher-1.3.1.jar:1.3.1]
	at org.junit.platform.launcher.core.DefaultLauncher.withInterceptedStreams(DefaultLauncher.java:202) ~[junit-platform-launcher-1.3.1.jar:1.3.1]
	at org.junit.platform.launcher.core.DefaultLauncher.execute(DefaultLauncher.java:181) ~[junit-platform-launcher-1.3.1.jar:1.3.1]
	at org.junit.platform.launcher.core.DefaultLauncher.execute(DefaultLauncher.java:128) ~[junit-platform-launcher-1.3.1.jar:1.3.1]
	at org.apache.maven.surefire.junitplatform.JUnitPlatformProvider.invokeAllTests(JUnitPlatformProvider.java:150) ~[surefire-junit-platform-2.22.2.jar:2.22.2]
	at org.apache.maven.surefire.junitplatform.JUnitPlatformProvider.invoke(JUnitPlatformProvider.java:124) ~[surefire-junit-platform-2.22.2.jar:2.22.2]
	at org.apache.maven.surefire.booter.ForkedBooter.invokeProviderInSameClassLoader(ForkedBooter.java:384) ~[surefire-booter-2.22.2.jar:2.22.2]
	at org.apache.maven.surefire.booter.ForkedBooter.runSuitesInProcess(ForkedBooter.java:345) ~[surefire-booter-2.22.2.jar:2.22.2]
	at org.apache.maven.surefire.booter.ForkedBooter.execute(ForkedBooter.java:126) ~[surefire-booter-2.22.2.jar:2.22.2]
	at org.apache.maven.surefire.booter.ForkedBooter.main(ForkedBooter.java:418) ~[surefire-booter-2.22.2.jar:2.22.2]
Caused by: org.springframework.beans.factory.BeanCreationException: Error creating bean with name 'dataSource' defined in class path resource [org/springframework/boot/autoconfigure/jdbc/DataSourceConfiguration$Hikari.class]: Bean instantiation via factory method failed; nested exception is org.springframework.beans.BeanInstantiationException: Failed to instantiate [com.zaxxer.hikari.HikariDataSource]: Factory method 'dataSource' threw exception; nested exception is org.springframework.boot.autoconfigure.jdbc.DataSourceProperties$DataSourceBeanCreationException: Failed to determine a suitable driver class
	at org.springframework.beans.factory.support.ConstructorResolver.instantiate(ConstructorResolver.java:645) ~[spring-beans-5.2.1.RELEASE.jar:5.2.1.RELEASE]
	at org.springframework.beans.factory.support.ConstructorResolver.instantiateUsingFactoryMethod(ConstructorResolver.java:625) ~[spring-beans-5.2.1.RELEASE.jar:5.2.1.RELEASE]
	at org.springframework.beans.factory.support.AbstractAutowireCapableBeanFactory.instantiateUsingFactoryMethod(AbstractAutowireCapableBeanFactory.java:1338) ~[spring-beans-5.2.1.RELEASE.jar:5.2.1.RELEASE]
	at org.springframework.beans.factory.support.AbstractAutowireCapableBeanFactory.createBeanInstance(AbstractAutowireCapableBeanFactory.java:1177) ~[spring-beans-5.2.1.RELEASE.jar:5.2.1.RELEASE]
	at org.springframework.beans.factory.support.AbstractAutowireCapableBeanFactory.doCreateBean(AbstractAutowireCapableBeanFactory.java:557) ~[spring-beans-5.2.1.RELEASE.jar:5.2.1.RELEASE]
	at org.springframework.beans.factory.support.AbstractAutowireCapableBeanFactory.createBean(AbstractAutowireCapableBeanFactory.java:517) ~[spring-beans-5.2.1.RELEASE.jar:5.2.1.RELEASE]
	at org.springframework.beans.factory.support.AbstractBeanFactory.lambda$doGetBean$0(AbstractBeanFactory.java:323) ~[spring-beans-5.2.1.RELEASE.jar:5.2.1.RELEASE]
	at org.springframework.beans.factory.support.DefaultSingletonBeanRegistry.getSingleton(DefaultSingletonBeanRegistry.java:222) ~[spring-beans-5.2.1.RELEASE.jar:5.2.1.RELEASE]
	at org.springframework.beans.factory.support.AbstractBeanFactory.doGetBean(AbstractBeanFactory.java:321) ~[spring-beans-5.2.1.RELEASE.jar:5.2.1.RELEASE]
	at org.springframework.beans.factory.support.AbstractBeanFactory.getBean(AbstractBeanFactory.java:202) ~[spring-beans-5.2.1.RELEASE.jar:5.2.1.RELEASE]
	at org.springframework.beans.factory.support.DefaultListableBeanFactory.preInstantiateSingletons(DefaultListableBeanFactory.java:879) ~[spring-beans-5.2.1.RELEASE.jar:5.2.1.RELEASE]
	at org.springframework.context.support.AbstractApplicationContext.finishBeanFactoryInitialization(AbstractApplicationContext.java:878) ~[spring-context-5.2.1.RELEASE.jar:5.2.1.RELEASE]
	at org.springframework.context.support.AbstractApplicationContext.refresh(AbstractApplicationContext.java:550) ~[spring-context-5.2.1.RELEASE.jar:5.2.1.RELEASE]
	at org.springframework.boot.SpringApplication.refresh(SpringApplication.java:747) ~[spring-boot-2.2.1.RELEASE.jar:2.2.1.RELEASE]
	at org.springframework.boot.SpringApplication.refreshContext(SpringApplication.java:397) ~[spring-boot-2.2.1.RELEASE.jar:2.2.1.RELEASE]
	at org.springframework.boot.SpringApplication.run(SpringApplication.java:315) ~[spring-boot-2.2.1.RELEASE.jar:2.2.1.RELEASE]
	at org.springframework.boot.test.context.SpringBootContextLoader.loadContext(SpringBootContextLoader.java:125) ~[spring-boot-test-2.2.1.RELEASE.jar:2.2.1.RELEASE]
	at org.springframework.test.context.cache.DefaultCacheAwareContextLoaderDelegate.loadContextInternal(DefaultCacheAwareContextLoaderDelegate.java:99) ~[spring-test-5.2.1.RELEASE.jar:5.2.1.RELEASE]
	at org.springframework.test.context.cache.DefaultCacheAwareContextLoaderDelegate.loadContext(DefaultCacheAwareContextLoaderDelegate.java:124) ~[spring-test-5.2.1.RELEASE.jar:5.2.1.RELEASE]
	... 65 common frames omitted
Caused by: org.springframework.beans.BeanInstantiationException: Failed to instantiate [com.zaxxer.hikari.HikariDataSource]: Factory method 'dataSource' threw exception; nested exception is org.springframework.boot.autoconfigure.jdbc.DataSourceProperties$DataSourceBeanCreationException: Failed to determine a suitable driver class
	at org.springframework.beans.factory.support.SimpleInstantiationStrategy.instantiate(SimpleInstantiationStrategy.java:185) ~[spring-beans-5.2.1.RELEASE.jar:5.2.1.RELEASE]
	at org.springframework.beans.factory.support.ConstructorResolver.instantiate(ConstructorResolver.java:640) ~[spring-beans-5.2.1.RELEASE.jar:5.2.1.RELEASE]
	... 83 common frames omitted
Caused by: org.springframework.boot.autoconfigure.jdbc.DataSourceProperties$DataSourceBeanCreationException: Failed to determine a suitable driver class
	at org.springframework.boot.autoconfigure.jdbc.DataSourceProperties.determineDriverClassName(DataSourceProperties.java:233) ~[spring-boot-autoconfigure-2.2.1.RELEASE.jar:2.2.1.RELEASE]
	at org.springframework.boot.autoconfigure.jdbc.DataSourceProperties.initializeDataSourceBuilder(DataSourceProperties.java:174) ~[spring-boot-autoconfigure-2.2.1.RELEASE.jar:2.2.1.RELEASE]
	at org.springframework.boot.autoconfigure.jdbc.DataSourceConfiguration.createDataSource(DataSourceConfiguration.java:43) ~[spring-boot-autoconfigure-2.2.1.RELEASE.jar:2.2.1.RELEASE]
	at org.springframework.boot.autoconfigure.jdbc.DataSourceConfiguration$Hikari.dataSource(DataSourceConfiguration.java:85) ~[spring-boot-autoconfigure-2.2.1.RELEASE.jar:2.2.1.RELEASE]
	at sun.reflect.NativeMethodAccessorImpl.invoke0(Native Method) ~[na:1.8.0_60]
	at sun.reflect.NativeMethodAccessorImpl.invoke(NativeMethodAccessorImpl.java:62) ~[na:1.8.0_60]
	at sun.reflect.DelegatingMethodAccessorImpl.invoke(DelegatingMethodAccessorImpl.java:43) ~[na:1.8.0_60]
	at java.lang.reflect.Method.invoke(Method.java:497) ~[na:1.8.0_60]
	at org.springframework.beans.factory.support.SimpleInstantiationStrategy.instantiate(SimpleInstantiationStrategy.java:154) ~[spring-beans-5.2.1.RELEASE.jar:5.2.1.RELEASE]
	... 84 common frames omitted

]]></system-out>
    <system-err><![CDATA[SLF4J: Class path contains multiple SLF4J bindings.
SLF4J: Found binding in [jar:file:/I:/maven/apache-maven-3.6.3/respository/ch/qos/logback/logback-classic/1.2.3/logback-classic-1.2.3.jar!/org/slf4j/impl/StaticLoggerBinder.class]
SLF4J: Found binding in [jar:file:/I:/maven/apache-maven-3.6.3/respository/org/slf4j/slf4j-log4j12/1.7.29/slf4j-log4j12-1.7.29.jar!/org/slf4j/impl/StaticLoggerBinder.class]
SLF4J: See http://www.slf4j.org/codes.html#multiple_bindings for an explanation.
SLF4J: Actual binding is of type [ch.qos.logback.classic.util.ContextSelectorStaticBinder]
]]></system-err>
  </testcase>
</testsuite>